\BOOKMARK [0][-]{chapter.1}{Answer Key}{}% 1
\BOOKMARK [1][-]{section.1.1}{Solutions for``Complex Numbers''}{chapter.1}% 2
\BOOKMARK [1][-]{section.1.2}{Solutions for ``Modular Arithmetic''}{chapter.1}% 3
\BOOKMARK [1][-]{section.1.3}{Solutions for ``Set Theory''}{chapter.1}% 4
\BOOKMARK [1][-]{section.1.4}{Solutions for ``Functions''}{chapter.1}% 5
\BOOKMARK [1][-]{section.1.5}{Solutions for ``Application: Introduction to Cryptography''}{chapter.1}% 6
\BOOKMARK [1][-]{section.1.6}{Solutions for ``Polynomials''}{chapter.1}% 7
\BOOKMARK [1][-]{section.1.7}{Solutions for ``Symmetries of Plane Figures''}{chapter.1}% 8
\BOOKMARK [1][-]{section.1.8}{Solutions for ``Permutations''}{chapter.1}% 9
\BOOKMARK [1][-]{section.1.9}{Solutions for ``Abstract Groups''}{chapter.1}% 10
\BOOKMARK [2][-]{subsection.1.9.1}{Subgroups of cyclic groups}{section.1.9}% 11
\BOOKMARK [2][-]{subsection.1.9.2}{Answers for additional group and subgroup exercises}{section.1.9}% 12
\BOOKMARK [1][-]{section.1.10}{Solutions for ``Equivalence Relations''}{chapter.1}% 13
\BOOKMARK [1][-]{section.1.11}{Solutions for ``Cosets and Factor Groups''}{chapter.1}% 14
\BOOKMARK [1][-]{section.1.12}{Solutions for ``Isomorphisms of Groups''}{chapter.1}% 15
\BOOKMARK [1][-]{section.1.13}{Solutions for ``Group Actions''}{chapter.1}% 16
\BOOKMARK [1][-]{section.1.14}{Solutions for ``Induction''}{chapter.1}% 17
\BOOKMARK [2][-]{subsection.1.14.1}{Proofs for Section 20.1}{section.1.14}% 18
\BOOKMARK [2][-]{subsection.1.14.2}{Proofs for Section 20.7}{section.1.14}% 19
\BOOKMARK [2][-]{subsection.1.14.3}{Proofs for Section 20.9}{section.1.14}% 20
\BOOKMARK [2][-]{subsection.1.14.4}{Solutions to Section 20.10 }{section.1.14}% 21
\BOOKMARK [0][-]{chapter.2}{Example Test Questions}{}% 22
\BOOKMARK [1][-]{section.2.1}{Preliminaries}{chapter.2}% 23
\BOOKMARK [1][-]{section.2.2}{Complex Numbers}{chapter.2}% 24
\BOOKMARK [1][-]{section.2.3}{Modular Arithmetic}{chapter.2}% 25
\BOOKMARK [1][-]{section.2.4}{Set Theory}{chapter.2}% 26
\BOOKMARK [1][-]{section.2.5}{Functions}{chapter.2}% 27
\BOOKMARK [1][-]{section.2.6}{Equivalence Relations}{chapter.2}% 28
\BOOKMARK [1][-]{section.2.7}{Symmetries of Plane Figures}{chapter.2}% 29
\BOOKMARK [1][-]{section.2.8}{Introduction to Cryptography}{chapter.2}% 30
